\BOOKMARK [0][-]{chapter*.2}{Preface}{}% 1
\BOOKMARK [-1][-]{part.1}{I Statistical Foundations}{}% 2
\BOOKMARK [0][-]{chapter.1}{1 Analysis of Economics Data}{part.1}% 3
\BOOKMARK [1][-]{section.1.1}{1.1 Introduction}{chapter.1}% 4
\BOOKMARK [1][-]{section.1.2}{1.2 Setup and Data Loading}{chapter.1}% 5
\BOOKMARK [1][-]{section.1.3}{1.3 Descriptive Statistics}{chapter.1}% 6
\BOOKMARK [1][-]{section.1.4}{1.4 Regression Analysis}{chapter.1}% 7
\BOOKMARK [1][-]{section.1.5}{1.5 Visualization}{chapter.1}% 8
\BOOKMARK [1][-]{section.1.6}{1.6 Summary and Key Findings}{chapter.1}% 9
\BOOKMARK [1][-]{section.1.7}{1.7 Conclusion}{chapter.1}% 10
\BOOKMARK [0][-]{chapter.2}{2 Visualizing and Summarizing Data}{part.1}% 11
\BOOKMARK [1][-]{section.2.1}{2.1 Introduction}{chapter.2}% 12
\BOOKMARK [1][-]{section.2.2}{2.2 Setup and Data Loading}{chapter.2}% 13
\BOOKMARK [1][-]{section.2.3}{2.3 Summary Statistics for Numerical Data}{chapter.2}% 14
\BOOKMARK [1][-]{section.2.4}{2.4 Visualizing Numerical Data}{chapter.2}% 15
\BOOKMARK [1][-]{section.2.5}{2.5 Categorical Data Analysis}{chapter.2}% 16
\BOOKMARK [1][-]{section.2.6}{2.6 Data Transformations}{chapter.2}% 17
\BOOKMARK [1][-]{section.2.7}{2.7 Time Series Data}{chapter.2}% 18
\BOOKMARK [1][-]{section.2.8}{2.8 Summary and Key Findings}{chapter.2}% 19
\BOOKMARK [1][-]{section.2.9}{2.9 Conclusion}{chapter.2}% 20
\BOOKMARK [0][-]{chapter.3}{3 The Sample Mean}{part.1}% 21
\BOOKMARK [1][-]{section.3.1}{3.1 Introduction}{chapter.3}% 22
\BOOKMARK [1][-]{section.3.2}{3.2 Setup and Environment Configuration}{chapter.3}% 23
\BOOKMARK [1][-]{section.3.3}{3.3 Coin Tosses - Single Sample}{chapter.3}% 24
\BOOKMARK [1][-]{section.3.4}{3.4 Distribution of Sample Means - Coin Tosses}{chapter.3}% 25
\BOOKMARK [1][-]{section.3.5}{3.5 Census Data - Sampling from a Finite Population}{chapter.3}% 26
\BOOKMARK [1][-]{section.3.6}{3.6 Computer Generation of Random Samples}{chapter.3}% 27
\BOOKMARK [1][-]{section.3.7}{3.7 Simulation - 400 Coin Toss Samples}{chapter.3}% 28
\BOOKMARK [1][-]{section.3.8}{3.8 Summary and Key Findings}{chapter.3}% 29
\BOOKMARK [1][-]{section.3.9}{3.9 Conclusion}{chapter.3}% 30
\BOOKMARK [0][-]{chapter.4}{4 Statistical Inference for the Mean}{part.1}% 31
\BOOKMARK [1][-]{section.4.1}{4.1 Introduction}{chapter.4}% 32
\BOOKMARK [1][-]{section.4.2}{4.2 Setup and Data Loading}{chapter.4}% 33
\BOOKMARK [1][-]{section.4.3}{4.3 Sample Statistics and Initial Inference}{chapter.4}% 34
\BOOKMARK [1][-]{section.4.4}{4.4 The t-Distribution vs. Normal Distribution}{chapter.4}% 35
\BOOKMARK [1][-]{section.4.5}{4.5 Confidence Intervals at Different Levels}{chapter.4}% 36
\BOOKMARK [1][-]{section.4.6}{4.6 Two-Sided Hypothesis Tests}{chapter.4}% 37
\BOOKMARK [1][-]{section.4.7}{4.7 Two-Sided Hypothesis Test Examples}{chapter.4}% 38
\BOOKMARK [1][-]{section.4.8}{4.8 One-Sided \(Directional\) Hypothesis Tests}{chapter.4}% 39
\BOOKMARK [1][-]{section.4.9}{4.9 Inference for Proportions}{chapter.4}% 40
\BOOKMARK [1][-]{section.4.10}{4.10 Hypothesis Testing Visualization}{chapter.4}% 41
\BOOKMARK [1][-]{section.4.11}{4.11 Conclusion}{chapter.4}% 42
\BOOKMARK [-1][-]{part.2}{II Bivariate Regression}{}% 43
\BOOKMARK [0][-]{chapter.5}{5 Bivariate Data Summary}{part.2}% 44
\BOOKMARK [1][-]{section.5.1}{5.1 Introduction}{chapter.5}% 45
\BOOKMARK [1][-]{section.5.2}{5.2 Setup and Data Loading}{chapter.5}% 46
\BOOKMARK [1][-]{section.5.3}{5.3 Two-Way Tabulation}{chapter.5}% 47
\BOOKMARK [1][-]{section.5.4}{5.4 Scatter Plot Visualization}{chapter.5}% 48
\BOOKMARK [1][-]{section.5.5}{5.5 Correlation and Covariance}{chapter.5}% 49
\BOOKMARK [1][-]{section.5.6}{5.6 Simple Linear Regression}{chapter.5}% 50
\BOOKMARK [1][-]{section.5.7}{5.7 Regression Line Visualization}{chapter.5}% 51
\BOOKMARK [1][-]{section.5.8}{5.8 Prediction Using Regression}{chapter.5}% 52
\BOOKMARK [1][-]{section.5.9}{5.9 Relationship Between Regression and Correlation}{chapter.5}% 53
\BOOKMARK [1][-]{section.5.10}{5.10 Nonparametric Regression Alternatives}{chapter.5}% 54
\BOOKMARK [1][-]{section.5.11}{5.11 Conclusion}{chapter.5}% 55
